<?xml version="1.0" encoding="UTF-8"?>
<!-- Generated by org.testng.reporters.JUnitXMLReporter -->
<testsuite ignored="0" hostname="Md-Ebrahim" failures="0" tests="11" name="Default test" time="287.667" errors="0" timestamp="2024-09-21T17:01:10 EDT">
  <testcase classname="ebrahim.hossain.sqa.tests.LoginTest" name="loginTest" time="10.627"/>
  <testcase classname="ebrahim.hossain.sqa.tests.LoginTest" name="testInvalidUsername" time="0.281"/>
  <testcase classname="ebrahim.hossain.sqa.tests.LoginTest" name="testInvalidPassword" time="0.319"/>
  <testcase classname="ebrahim.hossain.sqa.tests.LoginTest" name="testEmptyUsernameAndPassword" time="0.295"/>
  <testcase classname="ebrahim.hossain.sqa.tests.LoginTest" name="testEmptyUsername" time="0.314"/>
  <testcase classname="ebrahim.hossain.sqa.tests.LoginTest" name="testEmptyPassword" time="0.298"/>
  <testcase classname="ebrahim.hossain.sqa.tests.LoginTest" name="testSQLInjection" time="0.314"/>
  <testcase classname="ebrahim.hossain.sqa.tests.LoginTest" name="testSpecialCharactersInPassword" time="0.251"/>
  <testcase classname="ebrahim.hossain.sqa.tests.LoginTest" name="testInvalidUsernameFormat" time="0.293"/>
  <testcase classname="ebrahim.hossain.sqa.tests.LoginTest" name="testLongUsername" time="0.28"/>
  <testcase classname="ebrahim.hossain.sqa.tests.LoginTest" name="testLockedAccount" time="0.28"/>
</testsuite> <!-- Default test -->
