<?xml version="1.0" encoding="UTF-8"?>
<!-- Generated by org.testng.reporters.JUnitXMLReporter -->
<testsuite ignored="1" hostname="DESKTOP-LQEM3VC" failures="0" tests="1" name="Default test" time="14.37" errors="0" timestamp="2024-04-19T06:14:29 EDT">
  <testcase classname="ebrahim.hossain.sqa.tests.LoginTest" name="registrationTest" time="5.702"/>
  <testcase classname="ebrahim.hossain.sqa.tests.LoginTest" name="loginTest" time="0.0">
    <ignored/>
  </testcase> <!-- loginTest -->
</testsuite> <!-- Default test -->
