<?xml version="1.0" encoding="UTF-8"?>
<!-- Generated by org.testng.reporters.JUnitXMLReporter -->
<testsuite ignored="0" hostname="DESKTOP-LQEM3VC" failures="0" tests="2" name="Automation" time="37.348" errors="0" timestamp="2024-04-19T23:22:04 EDT">
  <testcase classname="ebrahim.hossain.sqa.tests.RegistrationTest" name="@BeforeClass openUrl" time="34.074">
    <failure type="com.microsoft.playwright.TimeoutError" message="Error {
  message=&amp;apos;Timeout 30000ms exceeded.
=========================== logs ===========================
navigating to &amp;quot;https://www.tutorialspoint.com/selenium/practice/register.php&amp;quot;, waiting until &amp;quot;load&amp;quot;
============================================================
  name=&amp;apos;TimeoutError
  stack=&amp;apos;TimeoutError: Timeout 30000ms exceeded.
=========================== logs ===========================
navigating to &amp;quot;https://www.tutorialspoint.com/selenium/practice/register.php&amp;quot;, waiting until &amp;quot;load&amp;quot;
============================================================
    at ProgressController.run (C:\Users\Asus\AppData\Local\Temp\playwright-java-4328393481573781828\package\lib\server\progress.js:88:26)
    at Frame.goto (C:\Users\Asus\AppData\Local\Temp\playwright-java-4328393481573781828\package\lib\server\frames.js:516:23)
    at FrameDispatcher.goto (C:\Users\Asus\AppData\Local\Temp\playwright-java-4328393481573781828\package\lib\server\dispatchers\frameDispatcher.js:78:119)
    at DispatcherConnection.dispatch (C:\Users\Asus\AppData\Local\Temp\playwright-java-4328393481573781828\package\lib\server\dispatchers\dispatcher.js:313:46)
}">
      <![CDATA[com.microsoft.playwright.TimeoutError: Error {
  message='Timeout 30000ms exceeded.
=========================== logs ===========================
navigating to "https://www.tutorialspoint.com/selenium/practice/register.php", waiting until "load"
============================================================
  name='TimeoutError
  stack='TimeoutError: Timeout 30000ms exceeded.
=========================== logs ===========================
navigating to "https://www.tutorialspoint.com/selenium/practice/register.php", waiting until "load"
============================================================
    at ProgressController.run (C:\Users\Asus\AppData\Local\Temp\playwright-java-4328393481573781828\package\lib\server\progress.js:88:26)
    at Frame.goto (C:\Users\Asus\AppData\Local\Temp\playwright-java-4328393481573781828\package\lib\server\frames.js:516:23)
    at FrameDispatcher.goto (C:\Users\Asus\AppData\Local\Temp\playwright-java-4328393481573781828\package\lib\server\dispatchers\frameDispatcher.js:78:119)
    at DispatcherConnection.dispatch (C:\Users\Asus\AppData\Local\Temp\playwright-java-4328393481573781828\package\lib\server\dispatchers\dispatcher.js:313:46)
}
at com.microsoft.playwright.impl.WaitableResult.get(WaitableResult.java:52)
at com.microsoft.playwright.impl.ChannelOwner.runUntil(ChannelOwner.java:111)
at com.microsoft.playwright.impl.Connection.sendMessage(Connection.java:126)
at com.microsoft.playwright.impl.ChannelOwner.sendMessage(ChannelOwner.java:102)
at com.microsoft.playwright.impl.FrameImpl.navigateImpl(FrameImpl.java:463)
at com.microsoft.playwright.impl.PageImpl.lambda$navigate$45(PageImpl.java:827)
at com.microsoft.playwright.impl.LoggingSupport.withLogging(LoggingSupport.java:47)
at com.microsoft.playwright.impl.ChannelOwner.withLogging(ChannelOwner.java:87)
at com.microsoft.playwright.impl.PageImpl.navigate(PageImpl.java:827)
at com.microsoft.playwright.impl.PageImpl.navigate(PageImpl.java:42)
at ebrahim.hossain.sqa.basedriver.BaseDriver.launchApplication(BaseDriver.java:40)
at ebrahim.hossain.sqa.tests.RegistrationTest.openUrl(RegistrationTest.java:29)
at java.base/java.util.ArrayList.forEach(ArrayList.java:1511)
Caused by: com.microsoft.playwright.TimeoutError: Error {
  message='Timeout 30000ms exceeded.
=========================== logs ===========================
navigating to "https://www.tutorialspoint.com/selenium/practice/register.php", waiting until "load"
============================================================
  name='TimeoutError
  stack='TimeoutError: Timeout 30000ms exceeded.
=========================== logs ===========================
navigating to "https://www.tutorialspoint.com/selenium/practice/register.php", waiting until "load"
============================================================
    at ProgressController.run (C:\Users\Asus\AppData\Local\Temp\playwright-java-4328393481573781828\package\lib\server\progress.js:88:26)
    at Frame.goto (C:\Users\Asus\AppData\Local\Temp\playwright-java-4328393481573781828\package\lib\server\frames.js:516:23)
    at FrameDispatcher.goto (C:\Users\Asus\AppData\Local\Temp\playwright-java-4328393481573781828\package\lib\server\dispatchers\frameDispatcher.js:78:119)
    at DispatcherConnection.dispatch (C:\Users\Asus\AppData\Local\Temp\playwright-java-4328393481573781828\package\lib\server\dispatchers\dispatcher.js:313:46)
}
at com.microsoft.playwright.impl.Connection.dispatch(Connection.java:224)
at com.microsoft.playwright.impl.Connection.processOneMessage(Connection.java:206)
at com.microsoft.playwright.impl.ChannelOwner.runUntil(ChannelOwner.java:109)
... 36 more
... Removed 25 stack frames]]>
    </failure>
  </testcase> <!-- @BeforeClass openUrl -->
  <testcase classname="ebrahim.hossain.sqa.tests.RegistrationTest" name="@AfterClass afterClass" time="0.0">
    <skipped/>
  </testcase> <!-- @AfterClass afterClass -->
  <testcase classname="ebrahim.hossain.sqa.tests.LoginTest" name="@BeforeClass openUrl" time="3.172">
    <failure type="com.microsoft.playwright.PlaywrightException" message="Error {
  message=&amp;apos;net::ERR_ABORTED; maybe frame was detached?
=========================== logs ===========================
navigating to &amp;quot;https://www.tutorialspoint.com/selenium/practice/login.php&amp;quot;, waiting until &amp;quot;load&amp;quot;
============================================================
  name=&amp;apos;Error
  stack=&amp;apos;Error: net::ERR_ABORTED; maybe frame was detached?
=========================== logs ===========================
navigating to &amp;quot;https://www.tutorialspoint.com/selenium/practice/login.php&amp;quot;, waiting until &amp;quot;load&amp;quot;
============================================================
    at FrameManager.frameAbortedNavigation (C:\Users\Asus\AppData\Local\Temp\playwright-java-4328393481573781828\package\lib\server\frames.js:214:14)
    at FrameManager.requestFailed (C:\Users\Asus\AppData\Local\Temp\playwright-java-4328393481573781828\package\lib\server\frames.js:274:12)
    at CRNetworkManager._onLoadingFailed (C:\Users\Asus\AppData\Local\Temp\playwright-java-4328393481573781828\package\lib\server\chromium\crNetworkManager.js:439:134)
    at CRSession.emit (node:events:514:28)
    at C:\Users\Asus\AppData\Local\Temp\playwright-java-4328393481573781828\package\lib\server\chromium\crConnection.js:190:14
    at runNextTicks (node:internal/process/task_queues:60:5)
    at process.processImmediate (node:internal/timers:447:9)
}">
      <![CDATA[com.microsoft.playwright.PlaywrightException: Error {
  message='net::ERR_ABORTED; maybe frame was detached?
=========================== logs ===========================
navigating to "https://www.tutorialspoint.com/selenium/practice/login.php", waiting until "load"
============================================================
  name='Error
  stack='Error: net::ERR_ABORTED; maybe frame was detached?
=========================== logs ===========================
navigating to "https://www.tutorialspoint.com/selenium/practice/login.php", waiting until "load"
============================================================
    at FrameManager.frameAbortedNavigation (C:\Users\Asus\AppData\Local\Temp\playwright-java-4328393481573781828\package\lib\server\frames.js:214:14)
    at FrameManager.requestFailed (C:\Users\Asus\AppData\Local\Temp\playwright-java-4328393481573781828\package\lib\server\frames.js:274:12)
    at CRNetworkManager._onLoadingFailed (C:\Users\Asus\AppData\Local\Temp\playwright-java-4328393481573781828\package\lib\server\chromium\crNetworkManager.js:439:134)
    at CRSession.emit (node:events:514:28)
    at C:\Users\Asus\AppData\Local\Temp\playwright-java-4328393481573781828\package\lib\server\chromium\crConnection.js:190:14
    at runNextTicks (node:internal/process/task_queues:60:5)
    at process.processImmediate (node:internal/timers:447:9)
}
at com.microsoft.playwright.impl.WaitableResult.get(WaitableResult.java:54)
at com.microsoft.playwright.impl.ChannelOwner.runUntil(ChannelOwner.java:111)
at com.microsoft.playwright.impl.Connection.sendMessage(Connection.java:126)
at com.microsoft.playwright.impl.ChannelOwner.sendMessage(ChannelOwner.java:102)
at com.microsoft.playwright.impl.FrameImpl.navigateImpl(FrameImpl.java:463)
at com.microsoft.playwright.impl.PageImpl.lambda$navigate$45(PageImpl.java:827)
at com.microsoft.playwright.impl.LoggingSupport.withLogging(LoggingSupport.java:47)
at com.microsoft.playwright.impl.ChannelOwner.withLogging(ChannelOwner.java:87)
at com.microsoft.playwright.impl.PageImpl.navigate(PageImpl.java:827)
at com.microsoft.playwright.impl.PageImpl.navigate(PageImpl.java:42)
at ebrahim.hossain.sqa.basedriver.BaseDriver.launchApplication(BaseDriver.java:40)
at ebrahim.hossain.sqa.tests.LoginTest.openUrl(LoginTest.java:29)
at java.base/java.util.ArrayList.forEach(ArrayList.java:1511)
Caused by: com.microsoft.playwright.impl.DriverException: Error {
  message='net::ERR_ABORTED; maybe frame was detached?
=========================== logs ===========================
navigating to "https://www.tutorialspoint.com/selenium/practice/login.php", waiting until "load"
============================================================
  name='Error
  stack='Error: net::ERR_ABORTED; maybe frame was detached?
=========================== logs ===========================
navigating to "https://www.tutorialspoint.com/selenium/practice/login.php", waiting until "load"
============================================================
    at FrameManager.frameAbortedNavigation (C:\Users\Asus\AppData\Local\Temp\playwright-java-4328393481573781828\package\lib\server\frames.js:214:14)
    at FrameManager.requestFailed (C:\Users\Asus\AppData\Local\Temp\playwright-java-4328393481573781828\package\lib\server\frames.js:274:12)
    at CRNetworkManager._onLoadingFailed (C:\Users\Asus\AppData\Local\Temp\playwright-java-4328393481573781828\package\lib\server\chromium\crNetworkManager.js:439:134)
    at CRSession.emit (node:events:514:28)
    at C:\Users\Asus\AppData\Local\Temp\playwright-java-4328393481573781828\package\lib\server\chromium\crConnection.js:190:14
    at runNextTicks (node:internal/process/task_queues:60:5)
    at process.processImmediate (node:internal/timers:447:9)
}
at com.microsoft.playwright.impl.Connection.dispatch(Connection.java:226)
at com.microsoft.playwright.impl.Connection.processOneMessage(Connection.java:206)
at com.microsoft.playwright.impl.ChannelOwner.runUntil(ChannelOwner.java:109)
... 36 more
... Removed 25 stack frames]]>
    </failure>
  </testcase> <!-- @BeforeClass openUrl -->
  <testcase classname="ebrahim.hossain.sqa.tests.LoginTest" name="@AfterClass afterClass" time="0.0">
    <skipped/>
  </testcase> <!-- @AfterClass afterClass -->
  <testcase classname="ebrahim.hossain.sqa.tests.RegistrationTest" name="registrationTest" time="0.0">
    <skipped/>
  </testcase> <!-- registrationTest -->
  <testcase classname="ebrahim.hossain.sqa.tests.LoginTest" name="loginTest" time="0.0">
    <skipped/>
  </testcase> <!-- loginTest -->
</testsuite> <!-- Automation -->
