<?xml version="1.0" encoding="UTF-8"?>
<testng-results ignored="0" total="2" passed="2" failed="0" skipped="0">
  <reporter-output>
  </reporter-output>
  <suite started-at="2024-04-19T03:54:37 EDT" name="Default suite" finished-at="2024-04-19T03:54:50 EDT" duration-ms="12682">
    <groups>
    </groups>
    <test started-at="2024-04-19T03:54:37 EDT" name="Default test" finished-at="2024-04-19T03:54:50 EDT" duration-ms="12682">
      <class name="ebrahim.hossain.sqa.tests.LoginTest">
        <test-method is-config="true" signature="openUrl(java.lang.String,java.lang.String,java.lang.String)[pri:0, instance:ebrahim.hossain.sqa.tests.LoginTest@49049a04]" started-at="2024-04-19T03:54:37 EDT" name="openUrl" finished-at="2024-04-19T03:54:47 EDT" duration-ms="9950" status="PASS">
          <params>
            <param index="0">
              <value>
                <![CDATA[https://www.tutorialspoint.com/selenium/practice/register.php]]>
              </value>
            </param>
            <param index="1">
              <value>
                <![CDATA[chrome]]>
              </value>
            </param>
            <param index="2">
              <value>
                <![CDATA[false]]>
              </value>
            </param>
          </params>
          <reporter-output>
          </reporter-output>
        </test-method> <!-- openUrl -->
        <test-method signature="registrationTest()[pri:0, instance:ebrahim.hossain.sqa.tests.LoginTest@49049a04]" started-at="2024-04-19T03:54:47 EDT" name="registrationTest" finished-at="2024-04-19T03:54:49 EDT" duration-ms="2097" status="PASS">
          <reporter-output>
          </reporter-output>
        </test-method> <!-- registrationTest -->
        <test-method signature="loginTest()[pri:0, instance:ebrahim.hossain.sqa.tests.LoginTest@49049a04]" started-at="2024-04-19T03:54:49 EDT" name="loginTest" finished-at="2024-04-19T03:54:50 EDT" depends-on-methods="ebrahim.hossain.sqa.tests.LoginTest.registrationTest" duration-ms="345" status="PASS">
          <reporter-output>
          </reporter-output>
        </test-method> <!-- loginTest -->
        <test-method is-config="true" signature="afterClass()[pri:0, instance:ebrahim.hossain.sqa.tests.LoginTest@49049a04]" started-at="2024-04-19T03:54:50 EDT" name="afterClass" finished-at="2024-04-19T03:54:50 EDT" duration-ms="250" status="PASS">
          <reporter-output>
          </reporter-output>
        </test-method> <!-- afterClass -->
      </class> <!-- ebrahim.hossain.sqa.tests.LoginTest -->
    </test> <!-- Default test -->
  </suite> <!-- Default suite -->
</testng-results>
