<?xml version="1.0" encoding="UTF-8"?>
<testng-results ignored="0" total="1" passed="1" failed="0" skipped="0">
  <reporter-output>
  </reporter-output>
  <suite started-at="2024-04-19T06:21:57 EDT" name="Default suite" finished-at="2024-04-19T06:22:09 EDT" duration-ms="11958">
    <groups>
    </groups>
    <test started-at="2024-04-19T06:21:57 EDT" name="Default test" finished-at="2024-04-19T06:22:09 EDT" duration-ms="11958">
      <class name="ebrahim.hossain.sqa.tests.LoginTest">
        <test-method is-config="true" signature="openUrl(java.lang.String,java.lang.String,java.lang.String)[pri:0, instance:ebrahim.hossain.sqa.tests.LoginTest@659499f1]" started-at="2024-04-19T06:21:57 EDT" name="openUrl" finished-at="2024-04-19T06:22:07 EDT" duration-ms="9377" status="PASS">
          <params>
            <param index="0">
              <value>
                <![CDATA[https://www.tutorialspoint.com/selenium/practice/login.php]]>
              </value>
            </param>
            <param index="1">
              <value>
                <![CDATA[chrome]]>
              </value>
            </param>
            <param index="2">
              <value>
                <![CDATA[false]]>
              </value>
            </param>
          </params>
          <reporter-output>
          </reporter-output>
        </test-method> <!-- openUrl -->
        <test-method signature="loginTest()[pri:0, instance:ebrahim.hossain.sqa.tests.LoginTest@659499f1]" started-at="2024-04-19T06:22:07 EDT" name="loginTest" finished-at="2024-04-19T06:22:09 EDT" duration-ms="2095" status="PASS">
          <reporter-output>
          </reporter-output>
        </test-method> <!-- loginTest -->
        <test-method is-config="true" signature="afterClass()[pri:0, instance:ebrahim.hossain.sqa.tests.LoginTest@659499f1]" started-at="2024-04-19T06:22:09 EDT" name="afterClass" finished-at="2024-04-19T06:22:09 EDT" duration-ms="456" status="PASS">
          <reporter-output>
          </reporter-output>
        </test-method> <!-- afterClass -->
      </class> <!-- ebrahim.hossain.sqa.tests.LoginTest -->
    </test> <!-- Default test -->
  </suite> <!-- Default suite -->
</testng-results>
