<?xml version="1.0" encoding="UTF-8"?>
<!-- Generated by org.testng.reporters.JUnitReportReporter -->
<testsuite hostname="Md-Ebrahim" failures="0" tests="11" name="ebrahim.hossain.sqa.tests.LoginTest" time="13.552" errors="0" timestamp="2024-09-21T17:01:10 EDT" skipped="0">
  <testcase classname="ebrahim.hossain.sqa.tests.LoginTest" name="loginTest" time="10.627"/>
  <system-out/>
  <testcase classname="ebrahim.hossain.sqa.tests.LoginTest" name="testInvalidUsername" time="0.281"/>
  <system-out/>
  <testcase classname="ebrahim.hossain.sqa.tests.LoginTest" name="testInvalidPassword" time="0.319"/>
  <system-out/>
  <testcase classname="ebrahim.hossain.sqa.tests.LoginTest" name="testEmptyUsernameAndPassword" time="0.295"/>
  <system-out/>
  <testcase classname="ebrahim.hossain.sqa.tests.LoginTest" name="testEmptyUsername" time="0.314"/>
  <system-out/>
  <testcase classname="ebrahim.hossain.sqa.tests.LoginTest" name="testEmptyPassword" time="0.298"/>
  <system-out/>
  <testcase classname="ebrahim.hossain.sqa.tests.LoginTest" name="testSQLInjection" time="0.314"/>
  <system-out/>
  <testcase classname="ebrahim.hossain.sqa.tests.LoginTest" name="testSpecialCharactersInPassword" time="0.251"/>
  <system-out/>
  <testcase classname="ebrahim.hossain.sqa.tests.LoginTest" name="testInvalidUsernameFormat" time="0.293"/>
  <system-out/>
  <testcase classname="ebrahim.hossain.sqa.tests.LoginTest" name="testLongUsername" time="0.280"/>
  <system-out/>
  <testcase classname="ebrahim.hossain.sqa.tests.LoginTest" name="testLockedAccount" time="0.280"/>
  <system-out/>
</testsuite> <!-- ebrahim.hossain.sqa.tests.LoginTest -->
