<?xml version="1.0" encoding="UTF-8"?>
<!-- Generated by org.testng.reporters.JUnitReportReporter -->
<testsuite hostname="DESKTOP-LQEM3VC" failures="0" tests="2" name="ebrahim.hossain.sqa.tests.RegistrationTest" time="34.074" errors="1" timestamp="2024-04-19T23:22:04 EDT" skipped="1">
  <testcase classname="ebrahim.hossain.sqa.tests.RegistrationTest" name="registrationTest" time="0.000">
    <skipped/>
  </testcase> <!-- registrationTest -->
  <system-out/>
  <testcase classname="ebrahim.hossain.sqa.tests.RegistrationTest" name="openUrl" time="34.074">
    <error message="Error {
  message=&#039;Timeout 30000ms exceeded.
=========================== logs ===========================
navigating to &quot;https://www.tutorialspoint.com/selenium/practice/register.php&quot;, waiting until &quot;load&quot;
============================================================
  name=&#039;TimeoutError
  stack=&#039;TimeoutError: Timeout 30000ms exceeded.
=========================== logs ===========================
navigating to &quot;https://www.tutorialspoint.com/selenium/practice/register.php&quot;, waiting until &quot;load&quot;
============================================================
    at ProgressController.run (C:\Users\Asus\AppData\Local\Temp\playwright-java-4328393481573781828\package\lib\server\progress.js:88:26)
    at Frame.goto (C:\Users\Asus\AppData\Local\Temp\playwright-java-4328393481573781828\package\lib\server\frames.js:516:23)
    at FrameDispatcher.goto (C:\Users\Asus\AppData\Local\Temp\playwright-java-4328393481573781828\package\lib\server\dispatchers\frameDispatcher.js:78:119)
    at DispatcherConnection.dispatch (C:\Users\Asus\AppData\Local\Temp\playwright-java-4328393481573781828\package\lib\server\dispatchers\dispatcher.js:313:46)
}" type="com.microsoft.playwright.TimeoutError">
      <![CDATA[com.microsoft.playwright.TimeoutError: Error {
  message='Timeout 30000ms exceeded.
=========================== logs ===========================
navigating to "https://www.tutorialspoint.com/selenium/practice/register.php", waiting until "load"
============================================================
  name='TimeoutError
  stack='TimeoutError: Timeout 30000ms exceeded.
=========================== logs ===========================
navigating to "https://www.tutorialspoint.com/selenium/practice/register.php", waiting until "load"
============================================================
    at ProgressController.run (C:\Users\Asus\AppData\Local\Temp\playwright-java-4328393481573781828\package\lib\server\progress.js:88:26)
    at Frame.goto (C:\Users\Asus\AppData\Local\Temp\playwright-java-4328393481573781828\package\lib\server\frames.js:516:23)
    at FrameDispatcher.goto (C:\Users\Asus\AppData\Local\Temp\playwright-java-4328393481573781828\package\lib\server\dispatchers\frameDispatcher.js:78:119)
    at DispatcherConnection.dispatch (C:\Users\Asus\AppData\Local\Temp\playwright-java-4328393481573781828\package\lib\server\dispatchers\dispatcher.js:313:46)
}
at com.microsoft.playwright.impl.WaitableResult.get(WaitableResult.java:52)
at com.microsoft.playwright.impl.ChannelOwner.runUntil(ChannelOwner.java:111)
at com.microsoft.playwright.impl.Connection.sendMessage(Connection.java:126)
at com.microsoft.playwright.impl.ChannelOwner.sendMessage(ChannelOwner.java:102)
at com.microsoft.playwright.impl.FrameImpl.navigateImpl(FrameImpl.java:463)
at com.microsoft.playwright.impl.PageImpl.lambda$navigate$45(PageImpl.java:827)
at com.microsoft.playwright.impl.LoggingSupport.withLogging(LoggingSupport.java:47)
at com.microsoft.playwright.impl.ChannelOwner.withLogging(ChannelOwner.java:87)
at com.microsoft.playwright.impl.PageImpl.navigate(PageImpl.java:827)
at com.microsoft.playwright.impl.PageImpl.navigate(PageImpl.java:42)
at ebrahim.hossain.sqa.basedriver.BaseDriver.launchApplication(BaseDriver.java:40)
at ebrahim.hossain.sqa.tests.RegistrationTest.openUrl(RegistrationTest.java:29)
at java.base/jdk.internal.reflect.NativeMethodAccessorImpl.invoke0(Native Method)
at java.base/jdk.internal.reflect.NativeMethodAccessorImpl.invoke(NativeMethodAccessorImpl.java:77)
at java.base/jdk.internal.reflect.DelegatingMethodAccessorImpl.invoke(DelegatingMethodAccessorImpl.java:43)
at java.base/java.lang.reflect.Method.invoke(Method.java:568)
at org.testng.internal.invokers.MethodInvocationHelper.invokeMethod(MethodInvocationHelper.java:139)
at org.testng.internal.invokers.MethodInvocationHelper.invokeMethodConsideringTimeout(MethodInvocationHelper.java:69)
at org.testng.internal.invokers.ConfigInvoker.invokeConfigurationMethod(ConfigInvoker.java:361)
at org.testng.internal.invokers.ConfigInvoker.invokeConfigurations(ConfigInvoker.java:296)
at org.testng.internal.invokers.TestMethodWorker.invokeBeforeClassMethods(TestMethodWorker.java:180)
at org.testng.internal.invokers.TestMethodWorker.run(TestMethodWorker.java:122)
at java.base/java.util.ArrayList.forEach(ArrayList.java:1511)
at org.testng.TestRunner.privateRun(TestRunner.java:806)
at org.testng.TestRunner.run(TestRunner.java:601)
at org.testng.SuiteRunner.runTest(SuiteRunner.java:433)
at org.testng.SuiteRunner.runSequentially(SuiteRunner.java:427)
at org.testng.SuiteRunner.privateRun(SuiteRunner.java:387)
at org.testng.SuiteRunner.run(SuiteRunner.java:330)
at org.testng.SuiteRunnerWorker.runSuite(SuiteRunnerWorker.java:52)
at org.testng.SuiteRunnerWorker.run(SuiteRunnerWorker.java:95)
at org.testng.TestNG.runSuitesSequentially(TestNG.java:1256)
at org.testng.TestNG.runSuitesLocally(TestNG.java:1176)
at org.testng.TestNG.runSuites(TestNG.java:1099)
at org.testng.TestNG.run(TestNG.java:1067)
at org.testng.remote.AbstractRemoteTestNG.run(AbstractRemoteTestNG.java:115)
at org.testng.remote.RemoteTestNG.initAndRun(RemoteTestNG.java:251)
at org.testng.remote.RemoteTestNG.main(RemoteTestNG.java:77)
Caused by: com.microsoft.playwright.TimeoutError: Error {
  message='Timeout 30000ms exceeded.
=========================== logs ===========================
navigating to "https://www.tutorialspoint.com/selenium/practice/register.php", waiting until "load"
============================================================
  name='TimeoutError
  stack='TimeoutError: Timeout 30000ms exceeded.
=========================== logs ===========================
navigating to "https://www.tutorialspoint.com/selenium/practice/register.php", waiting until "load"
============================================================
    at ProgressController.run (C:\Users\Asus\AppData\Local\Temp\playwright-java-4328393481573781828\package\lib\server\progress.js:88:26)
    at Frame.goto (C:\Users\Asus\AppData\Local\Temp\playwright-java-4328393481573781828\package\lib\server\frames.js:516:23)
    at FrameDispatcher.goto (C:\Users\Asus\AppData\Local\Temp\playwright-java-4328393481573781828\package\lib\server\dispatchers\frameDispatcher.js:78:119)
    at DispatcherConnection.dispatch (C:\Users\Asus\AppData\Local\Temp\playwright-java-4328393481573781828\package\lib\server\dispatchers\dispatcher.js:313:46)
}
at com.microsoft.playwright.impl.Connection.dispatch(Connection.java:224)
at com.microsoft.playwright.impl.Connection.processOneMessage(Connection.java:206)
at com.microsoft.playwright.impl.ChannelOwner.runUntil(ChannelOwner.java:109)
... 36 more
]]>
    </error>
  </testcase> <!-- openUrl -->
  <system-out/>
</testsuite> <!-- ebrahim.hossain.sqa.tests.RegistrationTest -->
